RUN	mock.CatsKarateSimulation	catskaratesimulation	1675352561053	 	3.7.4
USER	create	START	1675352561289
USER	custom	START	1675352561298
USER	custom	END	1675352561360
USER	delete	START	1675352561294
USER	custom	START	1675352561737
USER	custom	END	1675352561742
USER	create	START	1675352561752
USER	create	START	1675352562249
USER	delete	START	1675352562249
USER	custom	START	1675352562249
USER	custom	END	1675352562256
REQUEST	delete cats	GET /cats	1675352561874	1675352562563	OK	 
REQUEST	delete cats	GET /cats	1675352562312	1675352562563	OK	 
GROUP	delete cats	1675352562249	1675352562590	0	OK
GROUP	delete cats	1675352561296	1675352562590	0	OK
USER	delete	END	1675352562592
USER	delete	END	1675352562592
USER	create	START	1675352562752
USER	custom	START	1675352562752
USER	custom	END	1675352562760
REQUEST		POST /cats	1675352562327	1675352562692	OK	 
REQUEST		GET /cats/{id}	1675352562736	1675352562800	KO	mock/cats-create.feature:21 match response == { id: '#(id)', name: 'Billi' }
USER	create	END	1675352562835
REQUEST		POST /cats	1675352561874	1675352562745	OK	 
REQUEST		GET /cats/{id}	1675352562758	1675352562861	KO	mock/cats-create.feature:21 match response == { id: '#(id)', name: 'Billi' }
USER	create	END	1675352562867
REQUEST		POST /cats	1675352561874	1675352562716	OK	 
REQUEST		GET /cats/{id}	1675352562736	1675352562888	KO	mock/cats-create.feature:21 match response == { id: '#(id)', name: 'Billi' }
USER	create	END	1675352562895
REQUEST		POST /cats	1675352562826	1675352562918	OK	 
REQUEST		GET /cats/{id}	1675352562926	1675352562961	KO	mock/cats-create.feature:21 match response == { id: '#(id)', name: 'Billi' }
USER	create	END	1675352562966
USER	delete	START	1675352563237
USER	create	START	1675352563253
USER	custom	START	1675352563253
USER	custom	END	1675352563259
REQUEST		POST /cats	1675352563303	1675352563345	OK	 
REQUEST		GET /cats/{id}	1675352563351	1675352563401	KO	mock/cats-create.feature:21 match response == { id: '#(id)', name: 'Billi' }
USER	create	END	1675352563406
USER	create	START	1675352563740
USER	custom	START	1675352563740
USER	custom	END	1675352563746
REQUEST		POST /cats	1675352563803	1675352563837	OK	 
REQUEST		GET /cats/{id}	1675352563845	1675352563878	KO	mock/cats-create.feature:21 match response == { id: '#(id)', name: 'Billi' }
USER	create	END	1675352563883
USER	create	START	1675352564241
USER	delete	START	1675352564242
USER	custom	START	1675352564241
USER	custom	END	1675352564251
REQUEST	delete cats	DELETE /cats/{id}	1675352563333	1675352564242	OK	 
REQUEST	delete cats	cats-get-404	1675352564250	1675352564277	OK	 
REQUEST		POST /cats	1675352564294	1675352564377	OK	 
REQUEST		GET /cats/{id}	1675352564383	1675352564431	KO	mock/cats-create.feature:21 match response == { id: '#(id)', name: 'Billi' }
USER	create	END	1675352564436
USER	create	START	1675352564737
USER	custom	START	1675352564737
USER	custom	END	1675352564743
REQUEST		POST /cats	1675352564801	1675352564839	OK	 
REQUEST		GET /cats/{id}	1675352564847	1675352564881	KO	mock/cats-create.feature:21 match response == { id: '#(id)', name: 'Billi' }
USER	create	END	1675352564888
REQUEST	delete cats	DELETE /cats/{id}	1675352564285	1675352565207	OK	 
REQUEST	delete cats	cats-get-404	1675352565211	1675352565239	OK	 
USER	create	START	1675352565256
USER	delete	START	1675352565257
USER	custom	START	1675352565257
USER	custom	END	1675352565263
REQUEST	delete cats	DELETE /cats/{id}	1675352564342	1675352565269	OK	 
REQUEST	delete cats	cats-get-404	1675352565274	1675352565305	OK	 
REQUEST		POST /cats	1675352565301	1675352565342	OK	 
REQUEST		GET /cats/{id}	1675352565348	1675352565390	KO	mock/cats-create.feature:21 match response == { id: '#(id)', name: 'Billi' }
USER	create	END	1675352565396
USER	create	START	1675352565745
USER	custom	START	1675352565745
USER	custom	END	1675352565750
REQUEST		POST /cats	1675352565793	1675352565807	OK	 
REQUEST		GET /cats/{id}	1675352565811	1675352565826	KO	mock/cats-create.feature:21 match response == { id: '#(id)', name: 'Billi' }
USER	create	END	1675352565831
REQUEST	delete cats	DELETE /cats/{id}	1675352565246	1675352566138	OK	 
REQUEST	delete cats	cats-get-404	1675352566141	1675352566155	OK	 
REQUEST	delete cats	DELETE /cats/{id}	1675352565318	1675352566215	OK	 
REQUEST	delete cats	cats-get-404	1675352566219	1675352566235	OK	 
REQUEST	delete cats	DELETE /cats/{id}	1675352565384	1675352566264	OK	 
REQUEST	delete cats	cats-get-404	1675352566268	1675352566284	OK	 
REQUEST	delete cats	DELETE /cats/{id}	1675352566160	1675352567030	OK	 
REQUEST	delete cats	cats-get-404	1675352567034	1675352567046	OK	 
REQUEST	delete cats	GET /cats	1675352563285	1675352563318	OK	 
GROUP	delete cats	1675352563237	1675352567051	0	OK
USER	delete	END	1675352567051
REQUEST	delete cats	DELETE /cats/{id}	1675352566241	1675352567106	OK	 
REQUEST	delete cats	cats-get-404	1675352567109	1675352567121	OK	 
REQUEST	delete cats	DELETE /cats/{id}	1675352566289	1675352567168	OK	 
REQUEST	delete cats	cats-get-404	1675352567171	1675352567185	OK	 
REQUEST	delete cats	DELETE /cats/{id}	1675352567127	1675352567997	OK	 
REQUEST	delete cats	cats-get-404	1675352568000	1675352568012	OK	 
REQUEST	delete cats	DELETE /cats/{id}	1675352567191	1675352568058	OK	 
REQUEST	delete cats	cats-get-404	1675352568062	1675352568073	OK	 
REQUEST	delete cats	DELETE /cats/{id}	1675352568019	1675352568885	OK	 
REQUEST	delete cats	cats-get-404	1675352568889	1675352568900	OK	 
REQUEST	delete cats	GET /cats	1675352564294	1675352564330	OK	 
GROUP	delete cats	1675352564242	1675352568903	0	OK
USER	delete	END	1675352568904
REQUEST	delete cats	DELETE /cats/{id}	1675352568078	1675352568948	OK	 
REQUEST	delete cats	cats-get-404	1675352568952	1675352568963	OK	 
REQUEST	delete cats	DELETE /cats/{id}	1675352568969	1675352569840	OK	 
REQUEST	delete cats	cats-get-404	1675352569844	1675352569858	OK	 
REQUEST	delete cats	DELETE /cats/{id}	1675352569865	1675352570731	OK	 
REQUEST	delete cats	cats-get-404	1675352570736	1675352570749	OK	 
REQUEST	delete cats	GET /cats	1675352565305	1675352565373	OK	 
GROUP	delete cats	1675352565257	1675352570753	0	OK
USER	delete	END	1675352570753
