RUN	mock.CatsKarateSimulation	catskaratesimulation	1675201870625	 	3.7.4
USER	create	START	1675201870728
USER	delete	START	1675201870730
USER	custom	START	1675201870730
USER	custom	END	1675201870802
USER	create	START	1675201871214
USER	custom	START	1675201871214
USER	custom	END	1675201871217
REQUEST	delete cats	GET /cats	1675201871057	1675201871410	OK	 
GROUP	delete cats	1675201870730	1675201871426	0	OK
USER	delete	END	1675201871429
REQUEST		POST /cats	1675201871263	1675201871459	OK	 
REQUEST		GET /cats/{id}	1675201871488	1675201871525	KO	mock/cats-create.feature:21 match response == { id: '#(id)', name: 'Billi' }
USER	create	END	1675201871531
REQUEST		POST /cats	1675201871057	1675201871476	OK	 
REQUEST		GET /cats/{id}	1675201871488	1675201871540	KO	mock/cats-create.feature:21 match response == { id: '#(id)', name: 'Billi' }
USER	create	END	1675201871542
USER	create	START	1675201871720
USER	custom	START	1675201871720
USER	delete	START	1675201871720
USER	custom	END	1675201871723
REQUEST		POST /cats	1675201871769	1675201871797	OK	 
REQUEST		GET /cats/{id}	1675201871800	1675201871828	KO	mock/cats-create.feature:21 match response == { id: '#(id)', name: 'Billi' }
USER	create	END	1675201871829
USER	create	START	1675201872219
USER	custom	START	1675201872219
USER	custom	END	1675201872222
REQUEST		POST /cats	1675201872268	1675201872285	OK	 
REQUEST		GET /cats/{id}	1675201872289	1675201872305	KO	mock/cats-create.feature:21 match response == { id: '#(id)', name: 'Billi' }
USER	create	END	1675201872307
REQUEST	delete cats	DELETE /cats/{id}	1675201871794	1675201872677	OK	 
REQUEST	delete cats	cats-get-404	1675201872680	1675201872697	OK	 
USER	create	START	1675201872722
USER	custom	START	1675201872722
USER	delete	START	1675201872722
USER	custom	END	1675201872725
REQUEST		POST /cats	1675201872771	1675201872791	OK	 
REQUEST		GET /cats/{id}	1675201872818	1675201872839	KO	mock/cats-create.feature:21 match response == { id: '#(id)', name: 'Billi' }
USER	create	END	1675201872842
USER	create	START	1675201873223
USER	custom	START	1675201873223
USER	custom	END	1675201873226
REQUEST		POST /cats	1675201873257	1675201873275	OK	 
REQUEST		GET /cats/{id}	1675201873277	1675201873295	KO	mock/cats-create.feature:21 match response == { id: '#(id)', name: 'Billi' }
USER	create	END	1675201873295
REQUEST	delete cats	DELETE /cats/{id}	1675201872702	1675201873571	OK	 
REQUEST	delete cats	cats-get-404	1675201873575	1675201873593	OK	 
REQUEST	delete cats	GET /cats	1675201871769	1675201871785	OK	 
GROUP	delete cats	1675201871720	1675201873593	0	OK
USER	delete	END	1675201873593
REQUEST	delete cats	DELETE /cats/{id}	1675201872778	1675201873683	OK	 
REQUEST	delete cats	cats-get-404	1675201873687	1675201873704	OK	 
USER	create	START	1675201873712
USER	delete	START	1675201873712
USER	custom	START	1675201873712
USER	custom	END	1675201873716
REQUEST		POST /cats	1675201873761	1675201873781	OK	 
REQUEST		GET /cats/{id}	1675201873787	1675201873804	KO	mock/cats-create.feature:21 match response == { id: '#(id)', name: 'Billi' }
USER	create	END	1675201873806
USER	create	START	1675201874213
USER	custom	START	1675201874213
USER	custom	END	1675201874217
REQUEST		POST /cats	1675201874262	1675201874276	OK	 
REQUEST		GET /cats/{id}	1675201874278	1675201874291	KO	mock/cats-create.feature:21 match response == { id: '#(id)', name: 'Billi' }
USER	create	END	1675201874292
REQUEST	delete cats	DELETE /cats/{id}	1675201873708	1675201874591	OK	 
REQUEST	delete cats	cats-get-404	1675201874594	1675201874607	OK	 
REQUEST	delete cats	GET /cats	1675201872756	1675201872771	OK	 
GROUP	delete cats	1675201872722	1675201874607	0	OK
USER	delete	END	1675201874607
REQUEST	delete cats	DELETE /cats/{id}	1675201873771	1675201874653	OK	 
REQUEST	delete cats	cats-get-404	1675201874656	1675201874669	OK	 
USER	create	START	1675201874714
USER	delete	START	1675201874714
USER	custom	START	1675201874714
USER	custom	END	1675201874717
REQUEST		POST /cats	1675201874749	1675201874766	OK	 
REQUEST		GET /cats/{id}	1675201874768	1675201874775	KO	mock/cats-create.feature:21 match response == { id: '#(id)', name: 'Billi' }
USER	create	END	1675201874776
USER	create	START	1675201875216
USER	custom	START	1675201875216
USER	custom	END	1675201875219
REQUEST		POST /cats	1675201875250	1675201875260	OK	 
REQUEST		GET /cats/{id}	1675201875262	1675201875270	KO	mock/cats-create.feature:21 match response == { id: '#(id)', name: 'Billi' }
USER	create	END	1675201875271
REQUEST	delete cats	DELETE /cats/{id}	1675201874673	1675201875544	OK	 
REQUEST	delete cats	cats-get-404	1675201875546	1675201875556	OK	 
REQUEST	delete cats	GET /cats	1675201873746	1675201873760	OK	 
GROUP	delete cats	1675201873712	1675201875556	0	OK
USER	delete	END	1675201875556
REQUEST	delete cats	DELETE /cats/{id}	1675201874762	1675201875621	OK	 
REQUEST	delete cats	cats-get-404	1675201875624	1675201875634	OK	 
REQUEST	delete cats	DELETE /cats/{id}	1675201875638	1675201876497	OK	 
REQUEST	delete cats	cats-get-404	1675201876499	1675201876504	OK	 
REQUEST	delete cats	GET /cats	1675201874749	1675201874757	OK	 
GROUP	delete cats	1675201874714	1675201876505	0	OK
USER	delete	END	1675201876505
