RUN	mock.CatsKarateSimulation	catskaratesimulation	1675258923619	 	3.7.4
USER	create	START	1675258923722
USER	custom	START	1675258923724
USER	delete	START	1675258923723
USER	custom	END	1675258923767
USER	create	START	1675258924213
USER	custom	START	1675258924213
USER	custom	END	1675258924216
REQUEST	delete cats	GET /cats	1675258924088	1675258924436	OK	 
GROUP	delete cats	1675258923724	1675258924451	0	OK
USER	delete	END	1675258924454
REQUEST		POST /cats	1675258924261	1675258924493	OK	 
REQUEST		GET /cats/{id}	1675258924504	1675258924535	KO	mock/cats-create.feature:21 match response == { id: '#(id)', name: 'Billi' }
USER	create	END	1675258924540
REQUEST		POST /cats	1675258924088	1675258924477	OK	 
REQUEST		GET /cats/{id}	1675258924504	1675258924547	KO	mock/cats-create.feature:21 match response == { id: '#(id)', name: 'Billi' }
USER	create	END	1675258924549
USER	create	START	1675258924711
USER	custom	START	1675258924711
USER	delete	START	1675258924711
USER	custom	END	1675258924715
REQUEST		POST /cats	1675258924760	1675258924779	OK	 
REQUEST		GET /cats/{id}	1675258924783	1675258924806	KO	mock/cats-create.feature:21 match response == { id: '#(id)', name: 'Billi' }
USER	create	END	1675258924809
USER	create	START	1675258925212
USER	custom	START	1675258925212
USER	custom	END	1675258925215
REQUEST		POST /cats	1675258925261	1675258925278	OK	 
REQUEST		GET /cats/{id}	1675258925281	1675258925295	KO	mock/cats-create.feature:21 match response == { id: '#(id)', name: 'Billi' }
USER	create	END	1675258925297
REQUEST	delete cats	DELETE /cats/{id}	1675258924768	1675258925650	OK	 
REQUEST	delete cats	cats-get-404	1675258925653	1675258925671	OK	 
USER	create	START	1675258925712
USER	delete	START	1675258925712
USER	custom	START	1675258925712
USER	custom	END	1675258925715
REQUEST		POST /cats	1675258925769	1675258925795	OK	 
REQUEST		GET /cats/{id}	1675258925799	1675258925817	KO	mock/cats-create.feature:21 match response == { id: '#(id)', name: 'Billi' }
USER	create	END	1675258925819
USER	create	START	1675258926211
USER	custom	START	1675258926211
USER	custom	END	1675258926214
REQUEST		POST /cats	1675258926259	1675258926276	OK	 
REQUEST		GET /cats/{id}	1675258926280	1675258926297	KO	mock/cats-create.feature:21 match response == { id: '#(id)', name: 'Billi' }
USER	create	END	1675258926300
REQUEST	delete cats	DELETE /cats/{id}	1675258925675	1675258926555	OK	 
REQUEST	delete cats	cats-get-404	1675258926558	1675258926575	OK	 
REQUEST	delete cats	GET /cats	1675258924744	1675258924760	OK	 
GROUP	delete cats	1675258924711	1675258926576	0	OK
USER	delete	END	1675258926576
REQUEST	delete cats	DELETE /cats/{id}	1675258925787	1675258926664	OK	 
REQUEST	delete cats	cats-get-404	1675258926666	1675258926681	OK	 
USER	create	START	1675258926729
USER	custom	START	1675258926730
USER	delete	START	1675258926730
USER	custom	END	1675258926732
REQUEST		POST /cats	1675258926775	1675258926791	OK	 
REQUEST		GET /cats/{id}	1675258926794	1675258926809	KO	mock/cats-create.feature:21 match response == { id: '#(id)', name: 'Billi' }
USER	create	END	1675258926810
USER	create	START	1675258927212
USER	custom	START	1675258927212
USER	custom	END	1675258927215
REQUEST		POST /cats	1675258927261	1675258927274	OK	 
REQUEST		GET /cats/{id}	1675258927278	1675258927291	KO	mock/cats-create.feature:21 match response == { id: '#(id)', name: 'Billi' }
USER	create	END	1675258927293
REQUEST	delete cats	DELETE /cats/{id}	1675258926685	1675258927554	OK	 
REQUEST	delete cats	cats-get-404	1675258927556	1675258927570	OK	 
REQUEST	delete cats	GET /cats	1675258925745	1675258925779	OK	 
GROUP	delete cats	1675258925712	1675258927572	0	OK
USER	delete	END	1675258927572
REQUEST	delete cats	DELETE /cats/{id}	1675258926778	1675258927666	OK	 
REQUEST	delete cats	cats-get-404	1675258927668	1675258927682	OK	 
USER	create	START	1675258927711
USER	delete	START	1675258927711
USER	custom	START	1675258927711
USER	custom	END	1675258927714
REQUEST		POST /cats	1675258927759	1675258927769	OK	 
REQUEST		GET /cats/{id}	1675258927771	1675258927780	KO	mock/cats-create.feature:21 match response == { id: '#(id)', name: 'Billi' }
USER	create	END	1675258927781
USER	create	START	1675258928211
USER	custom	START	1675258928211
USER	custom	END	1675258928214
REQUEST		POST /cats	1675258928260	1675258928268	OK	 
REQUEST		GET /cats/{id}	1675258928271	1675258928277	KO	mock/cats-create.feature:21 match response == { id: '#(id)', name: 'Billi' }
USER	create	END	1675258928279
REQUEST	delete cats	DELETE /cats/{id}	1675258927686	1675258928558	OK	 
REQUEST	delete cats	cats-get-404	1675258928560	1675258928569	OK	 
REQUEST	delete cats	GET /cats	1675258926759	1675258926772	OK	 
GROUP	delete cats	1675258926730	1675258928570	0	OK
USER	delete	END	1675258928570
REQUEST	delete cats	DELETE /cats/{id}	1675258927763	1675258928636	OK	 
REQUEST	delete cats	cats-get-404	1675258928639	1675258928655	OK	 
REQUEST	delete cats	DELETE /cats/{id}	1675258928660	1675258929527	OK	 
REQUEST	delete cats	cats-get-404	1675258929529	1675258929535	OK	 
REQUEST	delete cats	GET /cats	1675258927744	1675258927756	OK	 
GROUP	delete cats	1675258927711	1675258929535	0	OK
USER	delete	END	1675258929536
